<?xml version="1.0" encoding="UTF-8"?>
<testsuite failures="10" name="cucumber.runtime.formatter.JUnitFormatter" skipped="0" tests="13" time="28.793273">
<testcase classname="Validate Location Management Rest Api with Address and reference services" name="Validate response code for Reference Service with Path and Query parameter" time="7.03658">
<failure message="java.lang.NullPointerException&#10;	at LocationManagement.Reference_LocationManagement.i_verify_the_ResponseCode_from_column(Reference_LocationManagement.java:74)&#10;	at ✽.Then I verify the ResponseCode from column &quot;5&quot;(LocationManagement/LocationManagement.feature:6)&#10;"><![CDATA[Given A location management URI under sheet "LocationManagement-Reference" from column "3" through 1.passed
When I perform request from Column "2"......................................passed
Then I verify the ResponseCode from column "5"..............................failed
And if ResponseCode is "200" then validate Context Type from column "7" and Response time from column "8".skipped

StackTrace:
java.lang.NullPointerException
	at LocationManagement.Reference_LocationManagement.i_verify_the_ResponseCode_from_column(Reference_LocationManagement.java:74)
	at ✽.Then I verify the ResponseCode from column "5"(LocationManagement/LocationManagement.feature:6)
]]></failure>
</testcase>
<testcase classname="Validate Location Management Rest Api with Address and reference services" name="Validate response code for Reference Service with Path and Query parameter 2" time="2.0615">
<failure message="java.lang.NullPointerException&#10;	at LocationManagement.Reference_LocationManagement.i_verify_the_ResponseCode_from_column(Reference_LocationManagement.java:74)&#10;	at ✽.Then I verify the ResponseCode from column &quot;5&quot;(LocationManagement/LocationManagement.feature:6)&#10;"><![CDATA[Given A location management URI under sheet "LocationManagement-Reference" from column "3" through 2.passed
When I perform request from Column "2"......................................passed
Then I verify the ResponseCode from column "5"..............................failed
And if ResponseCode is "200" then validate Context Type from column "7" and Response time from column "8".skipped

StackTrace:
java.lang.NullPointerException
	at LocationManagement.Reference_LocationManagement.i_verify_the_ResponseCode_from_column(Reference_LocationManagement.java:74)
	at ✽.Then I verify the ResponseCode from column "5"(LocationManagement/LocationManagement.feature:6)
]]></failure>
</testcase>
<testcase classname="Validate Location Management Rest Api with Address and reference services" name="Validate response code for Reference Service with Path and Query parameter 3" time="2.064612">
<failure message="java.lang.NullPointerException&#10;	at LocationManagement.Reference_LocationManagement.i_verify_the_ResponseCode_from_column(Reference_LocationManagement.java:74)&#10;	at ✽.Then I verify the ResponseCode from column &quot;5&quot;(LocationManagement/LocationManagement.feature:6)&#10;"><![CDATA[Given A location management URI under sheet "LocationManagement-Reference" from column "3" through 3.passed
When I perform request from Column "2"......................................passed
Then I verify the ResponseCode from column "5"..............................failed
And if ResponseCode is "200" then validate Context Type from column "7" and Response time from column "8".skipped

StackTrace:
java.lang.NullPointerException
	at LocationManagement.Reference_LocationManagement.i_verify_the_ResponseCode_from_column(Reference_LocationManagement.java:74)
	at ✽.Then I verify the ResponseCode from column "5"(LocationManagement/LocationManagement.feature:6)
]]></failure>
</testcase>
<testcase classname="Validate Location Management Rest Api with Address and reference services" name="Validate response code for Reference Service with Path and Query parameter 4" time="2.105909">
<failure message="java.lang.NullPointerException&#10;	at LocationManagement.Reference_LocationManagement.i_verify_the_ResponseCode_from_column(Reference_LocationManagement.java:74)&#10;	at ✽.Then I verify the ResponseCode from column &quot;5&quot;(LocationManagement/LocationManagement.feature:6)&#10;"><![CDATA[Given A location management URI under sheet "LocationManagement-Reference" from column "3" through 4.passed
When I perform request from Column "2"......................................passed
Then I verify the ResponseCode from column "5"..............................failed
And if ResponseCode is "200" then validate Context Type from column "7" and Response time from column "8".skipped

StackTrace:
java.lang.NullPointerException
	at LocationManagement.Reference_LocationManagement.i_verify_the_ResponseCode_from_column(Reference_LocationManagement.java:74)
	at ✽.Then I verify the ResponseCode from column "5"(LocationManagement/LocationManagement.feature:6)
]]></failure>
</testcase>
<testcase classname="Validate Location Management Rest Api with Address and reference services" name="Validate response code for Reference Service with Path and Query parameter 5" time="2.064598">
<failure message="java.lang.NullPointerException&#10;	at LocationManagement.Reference_LocationManagement.i_verify_the_ResponseCode_from_column(Reference_LocationManagement.java:74)&#10;	at ✽.Then I verify the ResponseCode from column &quot;5&quot;(LocationManagement/LocationManagement.feature:6)&#10;"><![CDATA[Given A location management URI under sheet "LocationManagement-Reference" from column "3" through 5.passed
When I perform request from Column "2"......................................passed
Then I verify the ResponseCode from column "5"..............................failed
And if ResponseCode is "200" then validate Context Type from column "7" and Response time from column "8".skipped

StackTrace:
java.lang.NullPointerException
	at LocationManagement.Reference_LocationManagement.i_verify_the_ResponseCode_from_column(Reference_LocationManagement.java:74)
	at ✽.Then I verify the ResponseCode from column "5"(LocationManagement/LocationManagement.feature:6)
]]></failure>
</testcase>
<testcase classname="Validate Location Management Rest Api with Address and reference services" name="Validate response code for Reference Service with Path and Query parameter 6" time="2.051599">
<failure message="java.lang.NullPointerException&#10;	at LocationManagement.Reference_LocationManagement.i_verify_the_ResponseCode_from_column(Reference_LocationManagement.java:74)&#10;	at ✽.Then I verify the ResponseCode from column &quot;5&quot;(LocationManagement/LocationManagement.feature:6)&#10;"><![CDATA[Given A location management URI under sheet "LocationManagement-Reference" from column "3" through 6.passed
When I perform request from Column "2"......................................passed
Then I verify the ResponseCode from column "5"..............................failed
And if ResponseCode is "200" then validate Context Type from column "7" and Response time from column "8".skipped

StackTrace:
java.lang.NullPointerException
	at LocationManagement.Reference_LocationManagement.i_verify_the_ResponseCode_from_column(Reference_LocationManagement.java:74)
	at ✽.Then I verify the ResponseCode from column "5"(LocationManagement/LocationManagement.feature:6)
]]></failure>
</testcase>
<testcase classname="Validate Location Management Rest Api with Address and reference services" name="Validate response code for Reference Service with Path and Query parameter 7" time="2.050912">
<failure message="java.lang.NullPointerException&#10;	at LocationManagement.Reference_LocationManagement.i_verify_the_ResponseCode_from_column(Reference_LocationManagement.java:74)&#10;	at ✽.Then I verify the ResponseCode from column &quot;5&quot;(LocationManagement/LocationManagement.feature:6)&#10;"><![CDATA[Given A location management URI under sheet "LocationManagement-Reference" from column "3" through 7.passed
When I perform request from Column "2"......................................passed
Then I verify the ResponseCode from column "5"..............................failed
And if ResponseCode is "200" then validate Context Type from column "7" and Response time from column "8".skipped

StackTrace:
java.lang.NullPointerException
	at LocationManagement.Reference_LocationManagement.i_verify_the_ResponseCode_from_column(Reference_LocationManagement.java:74)
	at ✽.Then I verify the ResponseCode from column "5"(LocationManagement/LocationManagement.feature:6)
]]></failure>
</testcase>
<testcase classname="Validate Location Management Rest Api with Address and reference services" name="Validate response code for Reference Service with Path and Query parameter 8" time="2.063398">
<failure message="java.lang.NullPointerException&#10;	at LocationManagement.Reference_LocationManagement.i_verify_the_ResponseCode_from_column(Reference_LocationManagement.java:74)&#10;	at ✽.Then I verify the ResponseCode from column &quot;5&quot;(LocationManagement/LocationManagement.feature:6)&#10;"><![CDATA[Given A location management URI under sheet "LocationManagement-Reference" from column "3" through 8.passed
When I perform request from Column "2"......................................passed
Then I verify the ResponseCode from column "5"..............................failed
And if ResponseCode is "200" then validate Context Type from column "7" and Response time from column "8".skipped

StackTrace:
java.lang.NullPointerException
	at LocationManagement.Reference_LocationManagement.i_verify_the_ResponseCode_from_column(Reference_LocationManagement.java:74)
	at ✽.Then I verify the ResponseCode from column "5"(LocationManagement/LocationManagement.feature:6)
]]></failure>
</testcase>
<testcase classname="Validate Location Management Rest Api with Address and reference services" name="Validate response code for Reference Service with Path and Query parameter 9" time="2.048981">
<failure message="java.lang.NullPointerException&#10;	at LocationManagement.Reference_LocationManagement.i_verify_the_ResponseCode_from_column(Reference_LocationManagement.java:74)&#10;	at ✽.Then I verify the ResponseCode from column &quot;5&quot;(LocationManagement/LocationManagement.feature:6)&#10;"><![CDATA[Given A location management URI under sheet "LocationManagement-Reference" from column "3" through 9.passed
When I perform request from Column "2"......................................passed
Then I verify the ResponseCode from column "5"..............................failed
And if ResponseCode is "200" then validate Context Type from column "7" and Response time from column "8".skipped

StackTrace:
java.lang.NullPointerException
	at LocationManagement.Reference_LocationManagement.i_verify_the_ResponseCode_from_column(Reference_LocationManagement.java:74)
	at ✽.Then I verify the ResponseCode from column "5"(LocationManagement/LocationManagement.feature:6)
]]></failure>
</testcase>
<testcase classname="Validate Location Management Rest Api with Address and reference services" name="Validate response code for Reference Service with Path and Query parameter 10" time="2.047562">
<failure message="java.lang.NullPointerException&#10;	at LocationManagement.Reference_LocationManagement.i_verify_the_ResponseCode_from_column(Reference_LocationManagement.java:74)&#10;	at ✽.Then I verify the ResponseCode from column &quot;5&quot;(LocationManagement/LocationManagement.feature:6)&#10;"><![CDATA[Given A location management URI under sheet "LocationManagement-Reference" from column "3" through 10.passed
When I perform request from Column "2"......................................passed
Then I verify the ResponseCode from column "5"..............................failed
And if ResponseCode is "200" then validate Context Type from column "7" and Response time from column "8".skipped

StackTrace:
java.lang.NullPointerException
	at LocationManagement.Reference_LocationManagement.i_verify_the_ResponseCode_from_column(Reference_LocationManagement.java:74)
	at ✽.Then I verify the ResponseCode from column "5"(LocationManagement/LocationManagement.feature:6)
]]></failure>
</testcase>
<testcase classname="Check the stability of POST request for PickUP feature" name="Validate Pet Store Inventory" time="1.514631">
<system-out><![CDATA[Given URI is "http://petstore.swagger.io/v2/store/inventory"................passed
When Perform GET request....................................................passed
Then Validate response "200"................................................passed
]]></system-out>
</testcase>
<testcase classname="Check the stability of POST request for PickUP feature" name="Place an order for a pet" time="0.795776">
<system-out><![CDATA[Given URI is "http://petstore.swagger.io/v2/store/order"....................passed
Then Use sheet "Sample" and 0 and 0.........................................passed
When Perform POST request...................................................passed
Then verify the 200.........................................................passed
]]></system-out>
</testcase>
<testcase classname="Check the stability of POST request for PickUP feature" name="Place an order for a pet 2" time="0.887215">
<system-out><![CDATA[Given URI is "http://petstore.swagger.io/v2/store/order"....................passed
Then Use sheet "Sample" and 0 and 2.........................................passed
When Perform POST request...................................................passed
Then verify the 400.........................................................passed
]]></system-out>
</testcase>
</testsuite>
